<?xml version="1.0" encoding="UTF-8"?>
<!-- Generated by org.testng.reporters.JUnitReportReporter -->
<testsuite hostname="PisePC" failures="0" tests="3" name="org.iit.mmp.patientmodule.tests.TS_EditPatientProfile_V1" time="24.204" errors="0" timestamp="02 Sep 2020 22:59:38 GMT" skipped="0">
  <testcase classname="org.iit.mmp.patientmodule.tests.TS_EditPatientProfile_V1" name="login" time="10.102"/>
  <testcase classname="org.iit.mmp.patientmodule.tests.TS_EditPatientProfile_V1" name="editProfileAndVerify" time="13.762"/>
  <testcase classname="org.iit.mmp.patientmodule.tests.TS_EditPatientProfile_V1" name="logout" time="0.340"/>
</testsuite> <!-- org.iit.mmp.patientmodule.tests.TS_EditPatientProfile_V1 -->
