<?xml version="1.0" encoding="UTF-8"?>
<!-- Generated by org.testng.reporters.JUnitReportReporter -->
<testsuite hostname="PisePC" failures="0" tests="3" name="org.iit.mmp.patientmodule.tests.TS_EditPatientProfile" time="23.776" errors="0" timestamp="01 Sep 2020 00:54:52 GMT" skipped="0">
  <testcase classname="org.iit.mmp.patientmodule.tests.TS_EditPatientProfile" name="login" time="9.926"/>
  <testcase classname="org.iit.mmp.patientmodule.tests.TS_EditPatientProfile" name="editProfileAndVerify" time="13.536"/>
  <testcase classname="org.iit.mmp.patientmodule.tests.TS_EditPatientProfile" name="logout" time="0.314"/>
</testsuite> <!-- org.iit.mmp.patientmodule.tests.TS_EditPatientProfile -->
