<?xml version="1.0" encoding="UTF-8"?>
<!-- Generated by org.testng.reporters.JUnitReportReporter -->
<testsuite hostname="PisePC" failures="0" tests="3" name="org.iit.mmp.patientmodule.tests.TS_EditPatientProfile" time="23.405" errors="0" timestamp="31 Aug 2020 01:33:21 GMT" skipped="0">
  <testcase classname="org.iit.mmp.patientmodule.tests.TS_EditPatientProfile" name="login" time="9.608"/>
  <testcase classname="org.iit.mmp.patientmodule.tests.TS_EditPatientProfile" name="editProfileAndVerify" time="13.480"/>
  <testcase classname="org.iit.mmp.patientmodule.tests.TS_EditPatientProfile" name="logout" time="0.317"/>
</testsuite> <!-- org.iit.mmp.patientmodule.tests.TS_EditPatientProfile -->
